[21:00:54] [ServerMain/INFO]: [bootstrap] Running Java 21 (OpenJDK 64-Bit Server VM 21.0.9+10-LTS; Eclipse Adoptium Temurin-21.0.9+10) on Windows 11 10.0 (amd64)
[21:00:54] [ServerMain/INFO]: [bootstrap] Loading Paper 1.21.1-133-ver/1.21.1@3cb8529 (2025-03-28T16:14:36Z) for Minecraft 1.21.1
[21:00:55] [ServerMain/INFO]: [PluginInitializerManager] Initializing plugins...
[21:00:55] [Paper Plugin Remapper Thread - 2/INFO]: [PluginRemapper] Remapping plugin 'C:\Users\heesa\IdeaProjects\practice\build\libs\AbilityPvP-1.2-SNAPSHOT-all.jar'...
[21:00:55] [Paper Plugin Remapper Thread - 2/INFO]: [PluginRemapper] Done remapping plugin 'C:\Users\heesa\IdeaProjects\practice\build\libs\AbilityPvP-1.2-SNAPSHOT-all.jar' in 806ms.
[21:00:56] [ServerMain/INFO]: [PluginInitializerManager] Initialized 1 plugin
[21:00:56] [ServerMain/INFO]: [PluginInitializerManager] Bukkit plugins (1):
 - AbilityPvP (1.2-SNAPSHOT)
[21:00:58] [ServerMain/INFO]: Environment: Environment[sessionHost=https://sessionserver.mojang.com, servicesHost=https://api.minecraftservices.com, name=PROD]
[21:01:00] [ServerMain/INFO]: Loaded 1290 recipes
[21:01:00] [ServerMain/INFO]: Loaded 1399 advancements
[21:01:00] [Server thread/INFO]: Starting minecraft server version 1.21.1
[21:01:00] [Server thread/INFO]: Loading properties
[21:01:00] [Server thread/INFO]: This server is running Paper version 1.21.1-133-ver/1.21.1@3cb8529 (2025-03-28T16:14:36Z) (Implementing API version 1.21.1-R0.1-SNAPSHOT)
[21:01:00] [Server thread/INFO]: [spark] This server bundles the spark profiler. For more information please visit https://docs.papermc.io/paper/profiling
[21:01:00] [Server thread/INFO]: Server Ping Player Sample Count: 12
[21:01:00] [Server thread/INFO]: Using 4 threads for Netty based IO
[21:01:01] [Server thread/INFO]: [ChunkTaskScheduler] Chunk system is using 1 I/O threads, 2 worker threads, and population gen parallelism of 2 threads
[21:01:01] [Server thread/INFO]: Default game type: SURVIVAL
[21:01:01] [Server thread/INFO]: Generating keypair
[21:01:01] [Server thread/INFO]: Starting Minecraft server on *:25565
[21:01:01] [Server thread/INFO]: Using default channel type
[21:01:01] [Server thread/INFO]: Paper: Using Java compression from Velocity.
[21:01:01] [Server thread/INFO]: Paper: Using Java cipher from Velocity.
[21:01:01] [Server thread/INFO]: [AbilityPvP] Loading server plugin AbilityPvP v1.2-SNAPSHOT
[21:01:01] [Server thread/INFO]: Server permissions file permissions.yml is empty, ignoring it
[21:01:01] [Server thread/INFO]: Preparing level "world"
[21:01:02] [Server thread/INFO]: Preparing start region for dimension minecraft:overworld
[21:01:02] [Server thread/INFO]: Time elapsed: 194 ms
[21:01:02] [Server thread/INFO]: Preparing start region for dimension minecraft:the_nether
[21:01:02] [Server thread/INFO]: Time elapsed: 436 ms
[21:01:02] [Server thread/INFO]: Preparing start region for dimension minecraft:the_end
[21:01:02] [Server thread/INFO]: Time elapsed: 42 ms
[21:01:02] [Server thread/INFO]: [AbilityPvP] Enabling AbilityPvP v1.2-SNAPSHOT
[21:01:02] [Server thread/INFO]: [AbilityPvP] Plugin enabled
[21:01:02] [Server thread/INFO]: [spark] Starting background profiler...
[21:01:02] [Server thread/INFO]: [spark] The async-profiler engine is not supported for your os/arch (windows11/amd64), so the built-in Java engine will be used instead.
[21:01:03] [Server thread/INFO]: Done preparing level "world" (1.267s)
[21:01:03] [Server thread/INFO]: Running delayed init tasks
[21:01:03] [Server thread/INFO]: Done (9.203s)! For help, type "help"
[21:01:03] [Server thread/INFO]: Timings Reset
[21:01:44] [User Authenticator #0/INFO]: UUID of player HeesangVicson is 56dad600-af8b-4be6-8c97-03809e5f0f5e
[21:01:45] [Server thread/INFO]: HeesangVicson joined the game
[21:01:45] [Server thread/INFO]: HeesangVicson[/127.0.0.1:57483] logged in with entity id 4 at ([world]-689.6706492114927, 66.0, -274.6381600060369)
[21:02:42] [Server thread/INFO]: HeesangVicson issued server command: /stop
[21:02:42] [Server thread/INFO]: [HeesangVicson: Stopping the server]
[21:02:42] [Server thread/INFO]: Stopping server
[21:02:42] [Server thread/INFO]: [AbilityPvP] Disabling AbilityPvP v1.2-SNAPSHOT
[21:02:42] [Server thread/INFO]: Saving players
[21:02:42] [Server thread/INFO]: HeesangVicson lost connection: Server closed
[21:02:42] [Server thread/INFO]: HeesangVicson left the game
[21:02:42] [Server thread/INFO]: Saving worlds
[21:02:42] [Server thread/INFO]: Saving chunks for level 'ServerLevel[world]'/minecraft:overworld
[21:02:42] [Server thread/INFO]: [ChunkHolderManager] Waiting 60s for chunk system to halt for world 'world'
[21:02:42] [Server thread/INFO]: [ChunkHolderManager] Halted chunk system for world 'world'
[21:02:42] [Server thread/INFO]: [ChunkHolderManager] Saving all chunkholders for world 'world'
[21:02:44] [Server thread/INFO]: [ChunkHolderManager] Saved 1551 block chunks, 799 entity chunks, 0 poi chunks in world 'world' in 2.13s
[21:02:44] [Server thread/INFO]: Saving chunks for level 'ServerLevel[world_nether]'/minecraft:the_nether
[21:02:44] [Server thread/INFO]: [ChunkHolderManager] Waiting 60s for chunk system to halt for world 'world_nether'
[21:02:44] [Server thread/INFO]: [ChunkHolderManager] Halted chunk system for world 'world_nether'
[21:02:44] [Server thread/INFO]: [ChunkHolderManager] Saving all chunkholders for world 'world_nether'
[21:02:44] [Server thread/INFO]: [ChunkHolderManager] Saved 49 block chunks, 49 entity chunks, 0 poi chunks in world 'world_nether' in 0.07s
[21:02:44] [Server thread/INFO]: Saving chunks for level 'ServerLevel[world_the_end]'/minecraft:the_end
[21:02:44] [Server thread/INFO]: [ChunkHolderManager] Waiting 60s for chunk system to halt for world 'world_the_end'
[21:02:44] [Server thread/INFO]: [ChunkHolderManager] Halted chunk system for world 'world_the_end'
[21:02:44] [Server thread/INFO]: [ChunkHolderManager] Saving all chunkholders for world 'world_the_end'
[21:02:44] [Server thread/INFO]: [ChunkHolderManager] Saved 49 block chunks, 49 entity chunks, 0 poi chunks in world 'world_the_end' in 0.03s
[21:02:44] [Server thread/INFO]: ThreadedAnvilChunkStorage (world): All chunks are saved
[21:02:44] [Server thread/INFO]: ThreadedAnvilChunkStorage (DIM-1): All chunks are saved
[21:02:44] [Server thread/INFO]: ThreadedAnvilChunkStorage (DIM1): All chunks are saved
[21:02:44] [Server thread/INFO]: ThreadedAnvilChunkStorage: All dimensions are saved
